17:12:12.883 [sbt-bg-threads-1] INFO  GenerateLogData$ - Log data generator started...
17:12:13.160 [sbt-bg-threads-1] WARN  HelperUtils.Parameters$ - Max count 500 is used to create records instead of timeouts
17:12:16.533 [scala-execution-context-global-121] WARN  HelperUtils.Parameters$ - s%]s,+2k|D}K7b/XCwG&@7HDPR8z
17:12:18.737 [scala-execution-context-global-121] INFO  HelperUtils.Parameters$ - ;kNI&V%v<c#eSDK@lPY(
17:12:23.209 [scala-execution-context-global-121] INFO  HelperUtils.Parameters$ - l9]|92!uHUQ/IVcz~(;.Uz%K*5jTUd08
17:12:33.197 [scala-execution-context-global-121] INFO  HelperUtils.Parameters$ - G3sw7^U<^q^Cl!aMTDbNz<:$;?e<.0JD_'
17:12:41.907 [scala-execution-context-global-121] WARN  HelperUtils.Parameters$ - A><YFqpg+~"E1T
17:12:48.111 [scala-execution-context-global-121] DEBUG HelperUtils.Parameters$ - JrQB;P0"&+6;&Dk-
17:12:52.963 [scala-execution-context-global-121] INFO  HelperUtils.Parameters$ - OsI1`qAeU5H;\+
17:12:56.535 [scala-execution-context-global-121] INFO  HelperUtils.Parameters$ - [h!Q9PEY>L(NpKLBO"Gjo:=4kRXQ_tZ!
17:13:03.496 [scala-execution-context-global-121] INFO  HelperUtils.Parameters$ - B?y&C"C5rsb:2037;f&|vM#x?z|Ny|&<44Z8B&rF1#&M
17:13:10.266 [scala-execution-context-global-121] WARN  HelperUtils.Parameters$ - x2oBSI0/\%CdfV2%ChSsnZ7vJo=2qJqZ%."kbc!0ne`y&m
17:13:13.777 [scala-execution-context-global-121] ERROR HelperUtils.Parameters$ - ihu}!A2]*07}|,lc
17:13:15.801 [scala-execution-context-global-121] INFO  HelperUtils.Parameters$ - CC]>~R#,^#0JWyESarZdETDcvk)Yk'I?
17:13:19.913 [scala-execution-context-global-121] WARN  HelperUtils.Parameters$ - Swq;g+6M:?820=Gmd#.p)sFaqoKc^mm](.A8Z-4-].tp|cfR\~rc(m^{
17:13:25.146 [scala-execution-context-global-121] INFO  HelperUtils.Parameters$ - zXK=Fze%-6Iv-^q{zhG|EUzvd);tOj-:
17:13:28.088 [scala-execution-context-global-121] INFO  HelperUtils.Parameters$ - ^<A>61@{3[KEk@M/Xh-q%sco3Dkwq~
17:13:33.279 [scala-execution-context-global-121] WARN  HelperUtils.Parameters$ - Bv^B8Re'$VG)[P".g*?f<G\l5n.18B|i<E&rgPQZ;wBeA{4O/fy+Pp
17:13:37.249 [scala-execution-context-global-121] WARN  HelperUtils.Parameters$ - k1H+R#/%d0>Q>N:6\enT]U
17:13:44.307 [scala-execution-context-global-121] INFO  HelperUtils.Parameters$ - 8G;,3m_T`G#H]&Yh:Ei1%fp''5`ag1ce0bg2ce1S9gV6l%<Bqz8fMm#{JWqMdoc_2N/|wf8]
17:13:45.331 [scala-execution-context-global-121] DEBUG HelperUtils.Parameters$ - U$%kCPV2y>j0t*_wz?X_1X=!b6ocmH
17:13:52.887 [scala-execution-context-global-121] WARN  HelperUtils.Parameters$ - .HT9J{oTncE<
17:14:00.781 [scala-execution-context-global-121] INFO  HelperUtils.Parameters$ - `%tu}WcFOaFl]i]'[6>(
17:14:06.748 [scala-execution-context-global-121] DEBUG HelperUtils.Parameters$ - ;YIC#(Df({V\.X'SU%m.a@Tf_K#+,#6CuG}'4cPB,6{w
17:14:09.203 [scala-execution-context-global-121] INFO  HelperUtils.Parameters$ - P)03/r&119jr
17:14:14.958 [scala-execution-context-global-121] INFO  HelperUtils.Parameters$ - 5QknOP8|<o<F8^&0)F^(iU,]I}GIiQ{S1:<9g|~\uOvP5YhkyZC|n1Bki/[.
17:14:24.060 [scala-execution-context-global-121] INFO  HelperUtils.Parameters$ - `vS_El5]+MG`KIbUtM^^Aqn]KzV99|e_|M6N7n
17:14:29.692 [scala-execution-context-global-121] INFO  HelperUtils.Parameters$ - JuGH\?/:*c}(_G.RYa2!)m
17:14:34.721 [scala-execution-context-global-121] WARN  HelperUtils.Parameters$ - =<G@o,i"<@.Qt{/f+H\aih"m8~i=!fuHkG(1
17:14:36.427 [scala-execution-context-global-121] INFO  HelperUtils.Parameters$ - I]*IG~iV<3`P>YAzs]<$:7R@zf.PdD82`<-10.?sB\D2@Sg!?|j8/w+XAU7i
17:14:41.656 [scala-execution-context-global-121] INFO  HelperUtils.Parameters$ - lY|QPw0DR>"5TqoqPYfu>-2}35
17:14:45.493 [scala-execution-context-global-121] WARN  HelperUtils.Parameters$ - PFAI]w\pls'J_TTp2A^A$,%gs$i*SY<>Y2MMO]#|}`,jSe()A^F59x
17:14:53.328 [scala-execution-context-global-121] ERROR HelperUtils.Parameters$ - sgnK%"/!<O`{|iTL2Lw'&.I`sMS|}!N~'2FKC76JaQ+K`!hG8fKzy6
17:14:54.741 [scala-execution-context-global-121] WARN  HelperUtils.Parameters$ - mX"nNHjZZMB@;L$=b,+}fM'cwPHyG|YmzeHWH!o>Xa[H;jU^*;tf
17:14:58.247 [scala-execution-context-global-121] WARN  HelperUtils.Parameters$ - dT!y*I1(LS@aCuK@:i`t#od"J`)#9L}*YB^/,n>1#f[sZHT7Igq$MP.J'>e2
17:15:07.116 [scala-execution-context-global-121] INFO  HelperUtils.Parameters$ - Q^`f_4hS\8Zn)1m}#k)SHpKdtl=d[V=~q[Z&gOPDUSO"1jgfGz
17:15:16.459 [scala-execution-context-global-121] INFO  HelperUtils.Parameters$ - $p{`hyA\m[ch\_
17:15:20.741 [scala-execution-context-global-121] INFO  HelperUtils.Parameters$ - }c]z^FoxOSE#Zl[7CLW)_b2VhJfF[t
17:15:29.389 [scala-execution-context-global-121] WARN  HelperUtils.Parameters$ - 8L?[(#g#vMes.*p~`^b-7TZ4yq]i#6=[^[;R:,GPL[
17:15:34.726 [scala-execution-context-global-121] WARN  HelperUtils.Parameters$ - ^=a6^fky;$=1t#-SCqy"YJypK]tqh)
17:15:39.040 [scala-execution-context-global-121] DEBUG HelperUtils.Parameters$ - {EM@bO2.JZkX"R#ZB6i_<:WM\+m$0~
17:15:43.172 [scala-execution-context-global-121] INFO  HelperUtils.Parameters$ - OSYKN%D\z>n>2;D42a>{5;IX
17:15:49.513 [scala-execution-context-global-121] WARN  HelperUtils.Parameters$ - [`B8`tZ80+h3Wm<hB8`>A"QYWbQ6rcf3be1W8qag2cf3M9l8+0/K1e"kG$f,UtMHC{N#HGVs`
17:15:55.167 [scala-execution-context-global-121] INFO  HelperUtils.Parameters$ - uOMNlu1~;2p1
17:16:03.233 [scala-execution-context-global-121] INFO  HelperUtils.Parameters$ - %PKjAba2<K_WV:+Gs.i=+Q7hC{00^paaJ[20$=@T5m}['T`R
17:16:06.209 [scala-execution-context-global-121] INFO  HelperUtils.Parameters$ - }z?5blPct?!@r>ik(mX(d:p?+}>y|<]_50\h/@-j^VpEA:oDgZ
17:16:14.062 [scala-execution-context-global-121] DEBUG HelperUtils.Parameters$ - <l/UN_tKX]gzrc80AKMTZA+&d!.48FOYDI^_EkfWkkCVceeokcK'iQeBh)|'
17:16:19.005 [scala-execution-context-global-121] WARN  HelperUtils.Parameters$ - V(iF1c<iOu*!m*~2|v'WW)Bi#;JEEe7wDxYa-%
17:16:23.542 [scala-execution-context-global-121] INFO  HelperUtils.Parameters$ - C;*l+;r6S~@U)'_9{^6,TCD9_=g:[.bB-bn&~z
17:16:30.519 [scala-execution-context-global-121] INFO  HelperUtils.Parameters$ - 7gbatwkc`Pjs9xNDB9mv\[YV9z4B-&<EVmM;Q*Gu99_U
17:16:32.647 [scala-execution-context-global-121] INFO  HelperUtils.Parameters$ - *lNG@,Iy,U78@DXRQpk_8AF`#}JAGdw^t;.O1s)P$g
17:16:39.690 [scala-execution-context-global-121] INFO  HelperUtils.Parameters$ - rE^vPRa3gK-Wlq2"@1)d]}t+^]fmLd`(=[*5[Q`xuwM^
17:16:44.942 [scala-execution-context-global-121] INFO  HelperUtils.Parameters$ - z^Ps-1b}-jL62|J{^DiMKRDYm(
17:16:46.934 [scala-execution-context-global-121] INFO  HelperUtils.Parameters$ - )FBqdH~VFr>}oGnvQf
17:16:52.120 [scala-execution-context-global-121] INFO  HelperUtils.Parameters$ - M6T')pExyv\S*vau~]+[mp"s
17:16:59.344 [scala-execution-context-global-121] INFO  HelperUtils.Parameters$ - oC9}bIlN6vcg3bf2Q8vU5sag0L7rim4d+OL
17:17:04.702 [scala-execution-context-global-121] WARN  HelperUtils.Parameters$ - !|'2;=jFjZX''I.:8+u#Nm\psrUL_Tf"l@-2,shzo/{>eU
17:17:11.432 [scala-execution-context-global-121] WARN  HelperUtils.Parameters$ - /G^JhQiH/BgX+&:W1}f&3TS1K/n>@5/=*I+y9wzu\D
17:17:15.445 [scala-execution-context-global-121] INFO  HelperUtils.Parameters$ - hICu>LYI+6TR)|X#X|2E*6nVB^oh3VT4>ig:CfyX4)zTK|xL
17:17:23.779 [scala-execution-context-global-121] INFO  HelperUtils.Parameters$ - <ic0'qu8:^S7}o{@SVq(<k&,oO~U8V0wysylOTOtkudePF
17:17:27.957 [scala-execution-context-global-121] WARN  HelperUtils.Parameters$ - 2-))=UV|2;;pz8S8j0T!V\{.$U>(@[tsL&eOESDKG@
17:17:31.244 [scala-execution-context-global-121] WARN  HelperUtils.Parameters$ - uw}>y:YCZ:$~8\LgEkJ)(`
17:17:35.685 [scala-execution-context-global-121] INFO  HelperUtils.Parameters$ - 8z$)akj?gFkd5pHiTI
17:17:38.126 [scala-execution-context-global-121] INFO  HelperUtils.Parameters$ - OEnfxw)c!\>5Vmji<PKh$a-U}q2C~)
17:17:41.017 [scala-execution-context-global-121] INFO  HelperUtils.Parameters$ - x=3:e\~cMmV^\pme}:)@Wdqfz,^h6lyY0fGUxj#>^k>?;kcga^
17:17:42.933 [scala-execution-context-global-121] DEBUG HelperUtils.Parameters$ - MA#y#+HUD&fv-`A'`T&w
17:17:52.790 [scala-execution-context-global-121] INFO  HelperUtils.Parameters$ - a8mI\|WC]'J)$o.K*frXE8xIS&$g
17:17:57.412 [scala-execution-context-global-121] INFO  HelperUtils.Parameters$ - t$}Mle}QpE$K8Z[;i(hR9)l[o;\htNX~G]
17:17:58.749 [scala-execution-context-global-121] INFO  HelperUtils.Parameters$ - J&"b:^ZWcgdM;Q=F}:r<
17:17:59.887 [scala-execution-context-global-121] INFO  HelperUtils.Parameters$ - enIs5{v@ETDB0Tn;RC9.?l[j
17:18:09.432 [scala-execution-context-global-121] INFO  HelperUtils.Parameters$ - ob)I1-af0Q5nbf3cg2G6lY6sJ5lbf0U6r"/iHq2
17:18:11.274 [scala-execution-context-global-121] INFO  HelperUtils.Parameters$ - 9qRc20CYtGHt?(H\
17:18:17.567 [scala-execution-context-global-121] WARN  HelperUtils.Parameters$ - >AI2RWjzoiF'q7qm:Uy;3iyhtzq'_\c}\jodDHD)2t=4'rl';9_m7$
17:18:24.788 [scala-execution-context-global-121] INFO  HelperUtils.Parameters$ - eqmoMI?G]sXk\p7GOi``*6-f12zq
17:18:33.306 [scala-execution-context-global-121] WARN  HelperUtils.Parameters$ - 3k.rJa:N&a@PHBThwF8_:9dY
17:18:40.654 [scala-execution-context-global-121] INFO  HelperUtils.Parameters$ - ,r[[vCSvi.^oDQ
17:18:44.438 [scala-execution-context-global-121] INFO  HelperUtils.Parameters$ - 6vOkG;Cf[M]^#.YVjfU2.*J&ILV&,#(zgJMiw/Ho-Vrv4FER
17:18:52.880 [scala-execution-context-global-121] INFO  HelperUtils.Parameters$ - 1Xj>.sU^E&aig)9w,J
17:19:00.177 [scala-execution-context-global-121] INFO  HelperUtils.Parameters$ - {V'[{Zn>f'MYgx%=F5<#%!A<#mubq!S(Anz/hHUr'K
17:19:03.982 [scala-execution-context-global-121] WARN  HelperUtils.Parameters$ - o&e'>ztvO*,|a4:{<[WsRd8zFp@TpIN#
17:19:12.957 [scala-execution-context-global-121] INFO  HelperUtils.Parameters$ - &yk(Zjb0Tn8~2|IdiN0ajdAuJ-*y9O<F(*WJ)&(n8c/ZxwB2P`
17:19:16.781 [scala-execution-context-global-121] INFO  HelperUtils.Parameters$ - /[aQrO1FC;rMm;jm6PPDZGHwYvR(ko
17:19:26.648 [scala-execution-context-global-121] INFO  HelperUtils.Parameters$ - "'|II->LQeTCL5fD?S
17:19:27.969 [scala-execution-context-global-121] INFO  HelperUtils.Parameters$ - T?I8!Q_([KUy:)BDd-a^H:}(
17:19:29.727 [scala-execution-context-global-121] WARN  HelperUtils.Parameters$ - (9n{!wm%=4!+'w#]N1&aBW)8WC@'k!(Sd=Kx-;0D){TdTmO3Xxm?
17:19:34.908 [scala-execution-context-global-121] INFO  HelperUtils.Parameters$ - ctIl,|\8$jF2s32@hfo'!&]z,dklaiF(9<)[)E0QQ:;g
17:19:37.515 [scala-execution-context-global-121] WARN  HelperUtils.Parameters$ - KqOS0o`hd%M/bHSx+'`X1*kS
17:19:45.054 [scala-execution-context-global-121] WARN  HelperUtils.Parameters$ - ZguBY>&</]S&
17:19:50.372 [scala-execution-context-global-121] INFO  HelperUtils.Parameters$ - .6dBQUxS,oWym[W"sPt(R`lT8sLyyJYe5e_X-'a>#MP`2VB4wFP>
17:19:58.127 [scala-execution-context-global-121] INFO  HelperUtils.Parameters$ - 2.[=,`2g-0U4<*h;cKX\fAFi;X)W*;g/ekEb-2B]EeVJW-4<B+T#
17:20:04.050 [scala-execution-context-global-121] INFO  HelperUtils.Parameters$ - !-K^_G8KZVVjUB
17:20:13.161 [scala-execution-context-global-121] INFO  HelperUtils.Parameters$ - RG^j;70/Qc*.yh6+.u#X(@UcJ]!;jx;l,n](5A*4aRk\
17:20:19.191 [scala-execution-context-global-121] INFO  HelperUtils.Parameters$ - PLp9w;:2y+CE'df_9;Io^\Un
17:20:25.363 [scala-execution-context-global-121] INFO  HelperUtils.Parameters$ - 49)qU7A9m2'>G,$I=I,X=2TKo//G0D/~,()S
17:20:34.246 [scala-execution-context-global-121] INFO  HelperUtils.Parameters$ - (ADgID`3T6nTa"Bf>(.&kr
17:20:43.610 [scala-execution-context-global-121] INFO  HelperUtils.Parameters$ - <F}("-)N5+4U>LsSeeGK`e8FZ}#aJ$I?'JN"O6BiO4p]RS&!GXN{F0"n
17:20:46.794 [scala-execution-context-global-121] WARN  HelperUtils.Parameters$ - GMU'h,6aApg[Z)8Y78Cndb+BXW:vA[R"JUg[5TzXVA|hZ\GQfz-+rL`(
17:20:48.698 [scala-execution-context-global-121] WARN  HelperUtils.Parameters$ - 6_cL?H'oCN`fq6`<6d397Gvx/_'%
17:20:54.254 [scala-execution-context-global-121] INFO  HelperUtils.Parameters$ - Y~OZRr>B{=yNl.~to6G(C.XV8mfUHuv-\2\_?s\5
17:21:02.316 [scala-execution-context-global-121] INFO  HelperUtils.Parameters$ - g+!*L~5}PZe?9(Td08j&?d!M5I|6**JidD9:#Tt,(diMtWrmhW9u.[3<V0:o
17:21:05.185 [scala-execution-context-global-121] DEBUG HelperUtils.Parameters$ - lhf0|XH60.WffoO!^yZu"7Jf5si)OFb:sCQvwz8!
17:21:07.396 [scala-execution-context-global-121] INFO  HelperUtils.Parameters$ - /BuqQp9:$Ic%:o
17:21:13.453 [scala-execution-context-global-121] WARN  HelperUtils.Parameters$ - -%fc9jv/j7o+E,ZGGY%\]E5!l)A+
17:21:14.580 [scala-execution-context-global-121] INFO  HelperUtils.Parameters$ - 4HNu(>aC/4=>33
17:21:17.044 [scala-execution-context-global-121] DEBUG HelperUtils.Parameters$ - Q{;Ze'G>_F{-{OXwq%*.:Tip]`/vVBUw\_8G[B;0jo,Ew`hPMt!YW=MNT7
17:21:23.173 [scala-execution-context-global-121] DEBUG HelperUtils.Parameters$ - :OWPTKn(N'h)|)D!\d}/
17:21:27.470 [scala-execution-context-global-121] INFO  HelperUtils.Parameters$ - ,~S^/y-i}63={?/J$.7#>3Ca]pm^K)F^AMRVLOgh<~OL?ldu)K_qe}
17:21:34.491 [scala-execution-context-global-121] WARN  HelperUtils.Parameters$ - <z>fpu02XmCm
17:21:41.066 [scala-execution-context-global-121] INFO  HelperUtils.Parameters$ - X|@'y,+m=]|7wh-8E<r6n;{-Y\/TBz5B3O]j)wEue3In
17:21:48.908 [scala-execution-context-global-121] INFO  HelperUtils.Parameters$ - 8U=J|\bf6I\*_bLa
17:21:53.159 [scala-execution-context-global-121] INFO  HelperUtils.Parameters$ - /NGSZ29q$"0GU4
17:21:54.458 [scala-execution-context-global-121] INFO  HelperUtils.Parameters$ - d;@*djP/[rk@u/+0VwNdu/fK$%|i-r^95RC@%)Dl$0
17:21:58.696 [scala-execution-context-global-121] WARN  HelperUtils.Parameters$ - /22kKX$3d2!GM?"A)Z/jnY>WHdI4gVSdCI
17:22:07.104 [scala-execution-context-global-121] INFO  HelperUtils.Parameters$ - PAcy#,',SB:rXb_#Lb%EGU=dk.aS
17:22:16.495 [scala-execution-context-global-121] INFO  HelperUtils.Parameters$ - #6!`9#=pi9C?
17:22:25.431 [scala-execution-context-global-121] INFO  HelperUtils.Parameters$ - rm=&gLnd<FDKJ,4,?m2UMAruo*HYUc{ur<S/2JTk^&9Q-"&g-{(x|E
17:22:29.980 [scala-execution-context-global-121] INFO  HelperUtils.Parameters$ - V;[jE;i[]ClK*#vp?~<rD.Gr]KJ{IP<pV<~]>xo0vI1Yg<}Y
17:22:35.994 [scala-execution-context-global-121] INFO  HelperUtils.Parameters$ - PBg~}kd+rEtfq=z)+A}A~h
17:22:42.972 [scala-execution-context-global-121] INFO  HelperUtils.Parameters$ - :<xp~/K8-D6pD8kR6rI8tM8n!Qx*&:3Z)
17:22:48.034 [scala-execution-context-global-121] INFO  HelperUtils.Parameters$ - _'+Z*7FiqxiteFbiD5ZmD]bnh+s?d*$xGy#%~MqP7QnC4tO9u:
17:22:52.556 [scala-execution-context-global-121] INFO  HelperUtils.Parameters$ - PwGeY(wmW+*j
17:23:01.365 [scala-execution-context-global-121] INFO  HelperUtils.Parameters$ - +Y%4OLp.Rg9W[&R7]|(DPoI"w,>^3=
17:23:05.368 [scala-execution-context-global-121] WARN  HelperUtils.Parameters$ - sB.G(<Q!\<M+(b^xK7x)$_""ry(2R~?(/(M1J8@h>9e3HH\yga
17:23:08.040 [scala-execution-context-global-121] DEBUG HelperUtils.Parameters$ - ,cuCP555k/;Tg$`Yc#_G-jSmH/%<]wAoOzMS_#VxV+88/3+M,o-bx#h0jA
17:23:14.057 [scala-execution-context-global-121] WARN  HelperUtils.Parameters$ - lb*%#':`|{GT#.dO<J
17:23:23.117 [scala-execution-context-global-121] INFO  HelperUtils.Parameters$ - wk%T$Dt!=T4FvfF8d8r]*?&>z59F<5[-
17:23:26.172 [scala-execution-context-global-121] DEBUG HelperUtils.Parameters$ - gN[P0qKp\IB!r-]vJ^-+
17:23:32.960 [scala-execution-context-global-121] INFO  HelperUtils.Parameters$ - XY[cS&F]9I-xr+0DW+[m:RH!o%}(f6i;[56O0%&R?Xyd!J*i6Mu.FY
17:23:39.720 [scala-execution-context-global-121] INFO  HelperUtils.Parameters$ - GDXM\|w`h~m2;!5n^3B:5/;npYE^\m0h{3({"6bK28]vfFthP6<!@K
17:23:42.183 [scala-execution-context-global-121] WARN  HelperUtils.Parameters$ - gZ`kg$Ips52B[-qnJ$'8UNzT&JCG>7(fy:Kb^a?(@'IITP0*\&0l#L
17:23:45.449 [scala-execution-context-global-121] INFO  HelperUtils.Parameters$ - >rs-n-M7Kt-)@)4miU\=yHoi6mle=W3Q:wKG{YQ(*62jCK4FKA
17:23:53.497 [scala-execution-context-global-121] INFO  HelperUtils.Parameters$ - =n@3TyYw"O0,3*C^cvIC{4hrqoYRIF,kN@ut+Ae/1091@(
17:23:55.208 [scala-execution-context-global-121] INFO  HelperUtils.Parameters$ - nE^?fzto4C0DH[;L9mbg1H8wcf2W5w4?lf_k:V"ip)ryd
17:24:04.014 [scala-execution-context-global-121] WARN  HelperUtils.Parameters$ - vKIjsk|+41rLNrYHn1a94P`,]pK4qNVw6|O#~*zt
17:24:05.242 [scala-execution-context-global-121] INFO  HelperUtils.Parameters$ - S>r_)Bk?S\gH/|@45zrAX|TOxFrf&vma;9*=-(|5*Xp<4BhUb*
17:24:09.815 [scala-execution-context-global-121] WARN  HelperUtils.Parameters$ - o2gvE7LxRx=t;$p38VNj;Zo2CY\$\MICfjghuWw./AV-q!eAPF*K-F
17:24:16.331 [scala-execution-context-global-121] INFO  HelperUtils.Parameters$ - H"mFYq~?H.OX2FiXtXEz~wZOQ$be<yN)1rU6Ic
17:24:24.512 [scala-execution-context-global-121] WARN  HelperUtils.Parameters$ - ZZrOzQwyTo"O
17:24:30.112 [scala-execution-context-global-121] INFO  HelperUtils.Parameters$ - v')zba;t@rK4HC=_z6{7]?Fmg$cgf:n(e~e3_MpBq;wFkE?F*0|lvj"4*=
17:24:39.124 [scala-execution-context-global-121] INFO  HelperUtils.Parameters$ - 8TQ,U4i`"^VZ,aQ5:o:r=<zyJ+''wyfTO.>axg}MC${;U0Ba
17:24:45.410 [scala-execution-context-global-121] INFO  HelperUtils.Parameters$ - imF$)Z>YD{u`
17:24:48.790 [scala-execution-context-global-121] INFO  HelperUtils.Parameters$ - #$1/C|-)n/BD9AL>DodjB%c^hD
17:24:52.114 [scala-execution-context-global-121] WARN  HelperUtils.Parameters$ - PqKk575XcrLM@%jI^fAnsO!w|AWM_^NpBHuDi%RWSfO,Y2ZHK_Ieg@]%
17:24:55.155 [scala-execution-context-global-121] INFO  HelperUtils.Parameters$ - N&Q*q~y#B`5Wg#_]D6eaC{SBu+{m&kw{3k_q
17:24:59.571 [scala-execution-context-global-121] INFO  HelperUtils.Parameters$ - VEhN,hif;7{)Tda&xrvC\uhmUxKe,d@p+MrAbVM\vy55_?Z%qV"tcF
17:25:01.137 [scala-execution-context-global-121] DEBUG HelperUtils.Parameters$ - 7jSK)~HaUC&A\yUpx8'3C.aw^Wxa19s;&\9IUh~G
17:25:09.176 [scala-execution-context-global-121] INFO  HelperUtils.Parameters$ - rY3Vw-eO6b#r(B'n/cHUbkk%j"<rc[Oo
17:25:14.299 [scala-execution-context-global-121] INFO  HelperUtils.Parameters$ - Npv]JX06S<$1?--r,U;T|wx`FVIfdoy2
17:25:17.262 [scala-execution-context-global-121] INFO  HelperUtils.Parameters$ - i^?/,/.R'>cg0O7sbg1ce2K7iPwJ!4b/Ia\
17:25:20.266 [scala-execution-context-global-121] INFO  HelperUtils.Parameters$ - "nrD=z9)q6*whrves-kYG0H=0yd[81Z)>Fph
17:25:21.367 [scala-execution-context-global-121] WARN  HelperUtils.Parameters$ - q$K{lG=[7LI/.8L~0`&~Coknl5q41erP#$G/e=_wWbSv?gb"Rih^g\Fe
17:25:30.555 [scala-execution-context-global-121] INFO  HelperUtils.Parameters$ - d27S:c$\[U2|c6(8[Urf\M;f75teae0J7kS9jE9gbf38#j\DH;Cc0'd%xdKOB}rWz~)8Fo0
17:25:33.837 [scala-execution-context-global-121] INFO  HelperUtils.Parameters$ - )g2BP3Xm-PM<ft)]aC
17:25:43.796 [scala-execution-context-global-121] INFO  HelperUtils.Parameters$ - ^U)h5uv,`F9,7mcnh>x[sL18s[`U&6/Y8%XsjdAYp|Jg](%b
17:25:47.021 [scala-execution-context-global-121] INFO  HelperUtils.Parameters$ - 1'J#^u(4wRq*<{;dqqhbX%p)R3)psK
17:25:50.648 [scala-execution-context-global-121] INFO  HelperUtils.Parameters$ - @t,e}Y%xJ1o1"((C3M2G1=%oL8OLR41jaY
17:25:58.589 [scala-execution-context-global-121] INFO  HelperUtils.Parameters$ - ~'CD.p3qwRODr0r}x[Q&:d*@{@#A>g>p"8
17:26:03.299 [scala-execution-context-global-121] INFO  HelperUtils.Parameters$ - tbaRY`gPM^vsCphypj<A0Q6}%\y#ey
17:26:05.991 [scala-execution-context-global-121] INFO  HelperUtils.Parameters$ - 3M#14ST,{R<XmKD9/-b]8G?%RxB|fr7O8{5H2>.*^U!td`#$2nDG
17:26:08.372 [scala-execution-context-global-121] INFO  HelperUtils.Parameters$ - s\lX7bM^/mna@?v:nfGHGC+Vvo
17:26:15.322 [scala-execution-context-global-121] INFO  HelperUtils.Parameters$ - h'fBt=GnNgS\,vc;Y?sjU&pM*D3M[Qj=lO95
17:26:20.294 [scala-execution-context-global-121] INFO  HelperUtils.Parameters$ - YCx>4J,onb<W;\*@o^{<Nt?|FfGo!MQ"We!8|H"5hAR%%Z?!pZJVrcdg9h
17:26:22.149 [scala-execution-context-global-121] INFO  HelperUtils.Parameters$ - .TU}rCE.HD`UMDM:P3P`0d4=d_
17:26:27.694 [scala-execution-context-global-121] WARN  HelperUtils.Parameters$ - IcQa&'tY7?2,xRsM&ZFyYCX_ED\!~=9*Iafm
17:26:37.571 [scala-execution-context-global-121] INFO  HelperUtils.Parameters$ - %zm>|YOuQ`"i`2t"Qt{0h!EBIt\{i9I5]34Q97jx7AY1dlPtB90p5&
17:26:47.032 [scala-execution-context-global-121] INFO  HelperUtils.Parameters$ - 9cEVX$ycTc;>+Ra5GaL7wS!d-i3~/=xyMTJ/9h
17:26:49.966 [scala-execution-context-global-121] WARN  HelperUtils.Parameters$ - 0kSs1KVp=zg-hl&{63D5ebd'?T!vp4odu|HZ`N?^=jq<"G
17:26:56.374 [scala-execution-context-global-121] WARN  HelperUtils.Parameters$ - 1Grdrc[</\Qgei*=uyE7S&Gu(KCn%?O`]dX2vEf"faS%LUU1UO0hHIck
17:27:00.847 [scala-execution-context-global-121] DEBUG HelperUtils.Parameters$ - :MhGLfc^@rbQ/+2bA5mIiik{\K
17:27:03.354 [scala-execution-context-global-121] INFO  HelperUtils.Parameters$ - [1\Hxx"C$:,S0\PjhP4MJV&6$GGqw.`~LCm%0+eU*3")BRUi))l_C/5&u0
17:27:07.136 [scala-execution-context-global-121] INFO  HelperUtils.Parameters$ - :^i{D*T55qyODZS*3^\Kt-P)k/+g>X_>VcrS}l[]qLWAEXZe8^wZiH
17:27:08.920 [scala-execution-context-global-121] INFO  HelperUtils.Parameters$ - 5Q?R<[g[U?7Pliap,OZ,Es+XxON9
17:27:17.881 [scala-execution-context-global-121] INFO  HelperUtils.Parameters$ - -$R'#CK1$xYYWtd8[@cg1N8hce2Y6fbe3lJ_c"#E<O3k`.bcJWh
17:27:19.766 [scala-execution-context-global-121] INFO  HelperUtils.Parameters$ - au[_TlDbFyM?)k$JGQm5<^4z9<
17:27:26.850 [scala-execution-context-global-121] INFO  HelperUtils.Parameters$ - iB8J(h(a)29Jp)Kcy,ojMM`0"q},A^k4JA3}{IzBoiz%";\i
17:27:35.155 [scala-execution-context-global-121] INFO  HelperUtils.Parameters$ - `>qO\MT9dXLfPA9-(3C|Ck3g[5*%wcM::zDV|$
17:27:42.037 [scala-execution-context-global-121] WARN  HelperUtils.Parameters$ - N"Nd$Ro;^lEbuw[zuz<+Bwn;U+aTe_/t5iqY)#qd"w
17:27:49.318 [scala-execution-context-global-121] WARN  HelperUtils.Parameters$ - 3`93,0iy._{*^Dr`iwHL6+vO-ehH}Y
17:27:54.752 [scala-execution-context-global-121] ERROR HelperUtils.Parameters$ - ^uwaZ5#XxVj%E>}@AZnS/<n=to:uyneQ[MO?
17:28:00.374 [scala-execution-context-global-121] WARN  HelperUtils.Parameters$ - .HIab_'Ya8/8.<bZ5G9cLs\53if`@TQY[veTYW\>11g(VVg^"k<&3>KX
17:28:03.158 [scala-execution-context-global-121] INFO  HelperUtils.Parameters$ - ^DG9%w-}oy2g4Z6z^3%c*!noqZbkM-r`!%&A,-BVPq.3
17:28:06.443 [scala-execution-context-global-121] INFO  HelperUtils.Parameters$ - R6yWdl-uO.s*Q(?okzf~XztZUwZr
17:28:15.389 [scala-execution-context-global-121] WARN  HelperUtils.Parameters$ - Z~!pCTk&N"P/D3om:T7}
17:28:24.590 [scala-execution-context-global-121] WARN  HelperUtils.Parameters$ - 6Ul"y-CZ8uf97&^&YtU5/LkWCNCAJ7,#!Y@}Ma?P\nC+97D'
17:28:31.120 [scala-execution-context-global-121] INFO  HelperUtils.Parameters$ - KocGL$As"p%zvS!$KvDBis=^`4/~<:@F{Zqw03i%
17:28:34.347 [scala-execution-context-global-121] INFO  HelperUtils.Parameters$ - {AMWcbyR.hc]n=Tzjignf<=EM.2Fwz=cc}rk4!
17:28:43.533 [scala-execution-context-global-121] INFO  HelperUtils.Parameters$ - aC5z#!7_OLm1+1%[No/[eL8:vd
17:28:45.962 [scala-execution-context-global-121] WARN  HelperUtils.Parameters$ - U-5YymaA&q[Zri[lwvw5$;&.'/o[{!<}CXSsqjrV^u
17:28:51.753 [scala-execution-context-global-121] INFO  HelperUtils.Parameters$ - ^6SQTRQ9Io<\'{Vp=*7$4UCFYV<{Wcf2ce2cg2F8jbf1bf2c%qhl|eKpqT;4)QMh`?KWI?3K+,~\
17:28:59.784 [scala-execution-context-global-121] INFO  HelperUtils.Parameters$ - 1,[}oE@uK.t86b
17:29:07.505 [scala-execution-context-global-121] WARN  HelperUtils.Parameters$ - n.'?#c*smEv0@^7#N}FsFLaI7M*+yV1'[!|xY8
17:29:11.386 [scala-execution-context-global-121] WARN  HelperUtils.Parameters$ - T4zPMTQ]YG2sPDtwAa
17:29:19.415 [scala-execution-context-global-121] INFO  HelperUtils.Parameters$ - IId='WY/GNuN/?
17:29:24.715 [scala-execution-context-global-121] DEBUG HelperUtils.Parameters$ - Q-+EML>;Nrh7BYMLX*
17:29:26.670 [scala-execution-context-global-121] INFO  HelperUtils.Parameters$ - 2^U\c>SwJTKIR;Sl3z{8FfOL1/7tItl,
17:29:32.458 [scala-execution-context-global-121] INFO  HelperUtils.Parameters$ - ^=~Tn0TqrB4KpS9S2Aj*
17:29:40.386 [scala-execution-context-global-121] INFO  HelperUtils.Parameters$ - _r.Wf;8qaAJ{"N
17:29:46.464 [scala-execution-context-global-121] WARN  HelperUtils.Parameters$ - 5hF>rw5aX3UpVJ-*AwF6K$G5W3:U),-gwf{8L/7inB_\4;]O,7A[_psX0|zL
17:29:53.308 [scala-execution-context-global-121] INFO  HelperUtils.Parameters$ - H6#,|KnP>A>w
17:29:58.753 [scala-execution-context-global-121] INFO  HelperUtils.Parameters$ - oJCGYvQykw9.J2%)5*(-4rIa[;}ygT2[dLlzgr
17:30:00.073 [scala-execution-context-global-121] INFO  HelperUtils.Parameters$ - eL${?>e/xU*Nk3UL5dJsw`iCj0H=\[;c7v)h?<j@L&_#
17:30:03.468 [scala-execution-context-global-121] INFO  HelperUtils.Parameters$ - >PP{3Um[3imKBFEi~l%eE9-4.eIt6[+92bxTX"7f%k(A{DMl|G?O8*
17:30:08.653 [scala-execution-context-global-121] INFO  HelperUtils.Parameters$ - cb&6<em3R9sEH}Iu?_!_UlfFbU?<on|Cw}$8u.ifSv%]<Wq2
17:30:17.177 [scala-execution-context-global-121] INFO  HelperUtils.Parameters$ - n^\8SP/BON1NrpA%gW21Eky~ct@hQ><K\LP:9GuG3[E%fDW6di
17:30:27.117 [scala-execution-context-global-121] INFO  HelperUtils.Parameters$ - '>=2L%5,hv!tR|
17:30:32.509 [scala-execution-context-global-121] DEBUG HelperUtils.Parameters$ - (R||LmKL*u"^gTFrKA*~NO8!N[Tb,N
17:30:39.671 [scala-execution-context-global-121] INFO  HelperUtils.Parameters$ - FejQ?$]po0gPEJJZQZXW]&p;juH=Rn/SG}%O>%U9n"s^Nnt!AQ\Si)@SC3Gc
17:30:48.261 [scala-execution-context-global-121] INFO  HelperUtils.Parameters$ - zqJi^SXgEgU@6b!Q`s?e@a50{v([9>tMk?;7)S+?
17:30:56.332 [scala-execution-context-global-121] WARN  HelperUtils.Parameters$ - ;G%]5&Exh0ZK.@.U^tVH!qLF&;4v
17:31:04.405 [scala-execution-context-global-121] INFO  HelperUtils.Parameters$ - :czXj_N=UGSO.Oi)y[zLx7QrxX/X.Lfjz!ET
17:31:12.493 [scala-execution-context-global-121] DEBUG HelperUtils.Parameters$ - h:b\#x;oaU2=
17:31:18.252 [scala-execution-context-global-121] INFO  HelperUtils.Parameters$ - DYeyePIL#wk*JTFY")FhZKsiu7cf2M9wcf1cg2J6gG6iU9gcf2cf3B8hWgql|nB(-!pool|*[\j?@[nL&_
17:31:22.641 [scala-execution-context-global-121] INFO  HelperUtils.Parameters$ - )Z'8v*@V/M]}1K4f\G4p}8/B;\#q6"y9)AdEMu~b|Q#)\mh/ct9BqdJ`
17:31:28.542 [scala-execution-context-global-121] INFO  HelperUtils.Parameters$ - l6C'AFs0G!9W5Eu@rrB^x\.njea;wp|LRZW{'bTS&Rhf9.9^yX5!
17:31:38.017 [scala-execution-context-global-121] INFO  HelperUtils.Parameters$ - XOs4F<"tMf[f"t]d(i=[l/JJ6zgpn*|lI1MGeV6F,w|A\eD-Vl
17:31:41.570 [scala-execution-context-global-121] INFO  HelperUtils.Parameters$ - v{_a6*xd~cGyu\h.?g}ED+={H@h@hqaK<gyZB")P!UvRiXf-!y
17:31:50.937 [scala-execution-context-global-121] INFO  HelperUtils.Parameters$ - z2"[:FL$EGq"vl:]u~I5#/h=[NJpCz%[?Aqq4VprT%idW|wVW(}a-(
17:31:52.033 [scala-execution-context-global-121] INFO  HelperUtils.Parameters$ - 'W0.SZq!c6/grC}Q@b4y|g&umhz/pl
17:31:59.872 [scala-execution-context-global-121] INFO  HelperUtils.Parameters$ - AyTmN#%1^Z-%M32DP*j/T$<E6o1JfETo$=2;='&Ow=H/^&T"
17:32:09.286 [scala-execution-context-global-121] DEBUG HelperUtils.Parameters$ - rKGvjjZKLBma<:c@n\?|2-Y`-(3.:8[6ghoC/ego?9d7
17:32:11.808 [scala-execution-context-global-121] INFO  HelperUtils.Parameters$ - gmK&-6P]f;e5yE=k7:SF.;?p[%AwiN>,b;ibEsk5B'lTL[MGsu~d6}
17:32:13.429 [scala-execution-context-global-121] INFO  HelperUtils.Parameters$ - @0\rAJLwN5nOE`
17:32:21.483 [scala-execution-context-global-121] WARN  HelperUtils.Parameters$ - ra(T3XP_=Q:#VR-NM}9>mz3E|"?mI1g'(`
17:32:25.919 [scala-execution-context-global-121] INFO  HelperUtils.Parameters$ - wHg9`wv]>R6U9PRg?!I*0b(9e\wp&W!ZXq
17:32:31.970 [scala-execution-context-global-121] INFO  HelperUtils.Parameters$ - zkpPg9z1TzO0xU'\H<(OsC@O=&_-8?^:
17:32:40.076 [scala-execution-context-global-121] INFO  HelperUtils.Parameters$ - i>X+eiMRe=x*E&]c}-)B]6P1j6
17:32:44.722 [scala-execution-context-global-121] INFO  HelperUtils.Parameters$ - (,{1ihr-'nm#{GV5poH=p$tZ}M:p:^ADAo'<7cMU")[D@QQ9cOc(
17:32:49.985 [scala-execution-context-global-121] INFO  HelperUtils.Parameters$ - uK[`IZ!qu?Z=NQk)V<*_e5/E>j
17:32:53.951 [scala-execution-context-global-121] INFO  HelperUtils.Parameters$ - )ZIYgUmLkH]=.oc&,{SG\+f+sD}<gb5.Chu>%zS=Jv@DNKgz
17:33:03.799 [scala-execution-context-global-121] INFO  HelperUtils.Parameters$ - NR'I@"sr{(6PGz:Q#o
17:33:12.569 [scala-execution-context-global-121] INFO  HelperUtils.Parameters$ - ~_KfA6/?I=O9-hz/Fgq@55
17:33:17.766 [scala-execution-context-global-121] INFO  HelperUtils.Parameters$ - :/y=Y~{OGryNF`gN#bz-~V:?DoIp*mAS>J:EiJP[Wc
17:33:27.162 [scala-execution-context-global-121] INFO  HelperUtils.Parameters$ - $ZUEo$kw@:yM*|5H:V5n"_:-6586v-R*H)D'_"
17:33:33.822 [scala-execution-context-global-121] INFO  HelperUtils.Parameters$ - N[)]uA.XT6?u,gtPP->.Ot
17:33:43.273 [scala-execution-context-global-121] INFO  HelperUtils.Parameters$ - qiN<pV%sbG(d++~j"nA>^uSM7zQ)nG3-Q$
17:33:51.818 [scala-execution-context-global-121] INFO  HelperUtils.Parameters$ - @z}dr)@FP+rwrL
17:33:54.418 [scala-execution-context-global-121] INFO  HelperUtils.Parameters$ - m[8i_?Al3.sx%GQ67S`d&(S@?+
17:34:03.343 [scala-execution-context-global-121] INFO  HelperUtils.Parameters$ - s,)S*#L+2p0(wLiq/4wV=fD'#@
17:34:10.573 [scala-execution-context-global-121] INFO  HelperUtils.Parameters$ - )P|oA{WU%i]N1-zV))O(Q:o:IBOG)R'#
17:34:17.827 [scala-execution-context-global-121] INFO  HelperUtils.Parameters$ - C'B6Y7pk[T6Rv#%fj`XHcx61OoFl[eGK!_9^BFbQ!TflpQMA&/Nq
17:34:25.295 [scala-execution-context-global-121] INFO  HelperUtils.Parameters$ - *B3Vwxg/G2*UMxm%
17:34:29.383 [scala-execution-context-global-121] INFO  HelperUtils.Parameters$ - X)sx-LVn*$]HGXc25@CFHAJ4|g4K_[2qLRzU##kU:)
17:34:30.863 [scala-execution-context-global-121] INFO  HelperUtils.Parameters$ - 3P>'.;j$13'5WR@(X7lB9tcf1cg2W6m*JJKg'xJ&Rc=cY[k
17:34:32.269 [scala-execution-context-global-121] INFO  HelperUtils.Parameters$ - 7:t}>zfG8dxq5A|"Sjc]/k?|-X7}NC
17:34:33.866 [scala-execution-context-global-121] DEBUG HelperUtils.Parameters$ - GX/H\o.|o)h4)>#hX0T2u=~"~/B7NMf)gv~?IxL&gOB>S]v9
17:34:40.873 [scala-execution-context-global-121] INFO  HelperUtils.Parameters$ - e6GnH|nhy)~"scM/
17:34:43.807 [scala-execution-context-global-121] INFO  HelperUtils.Parameters$ - .VX8Bi2x=\$ks,XPEi4//g/1[ntgd{0\wNsP=L
17:34:52.615 [scala-execution-context-global-121] INFO  HelperUtils.Parameters$ - L;N2|s.w(azIz`EwxjE/cv)5/9fa!hkx%P9HQ7,kCT8_C0oq
17:34:55.587 [scala-execution-context-global-121] INFO  HelperUtils.Parameters$ - ?{K.feO'7OO]NntCoft`cw='eF#NImsAPb9ONJ2Ysr
17:35:00.398 [scala-execution-context-global-121] INFO  HelperUtils.Parameters$ - c!qKw(6|]f&td"7<6CP:~nM[L?EUytIzaT,1<N[rgXRYd1!=Sn
17:35:04.613 [scala-execution-context-global-121] INFO  HelperUtils.Parameters$ - m7F,`+Y_EvYcg6JDI3?'[6g+V}]~'G
17:35:09.459 [scala-execution-context-global-121] INFO  HelperUtils.Parameters$ - 8^LlsGig`hHOcm{+2n~]VfyV\xdPio{FPZh*0?Ji5?
17:35:13.325 [scala-execution-context-global-121] WARN  HelperUtils.Parameters$ - U,mm:ccTUD&k(%
17:35:15.927 [scala-execution-context-global-121] DEBUG HelperUtils.Parameters$ - A6&YIb$Y+De4Ge<nSypX+8b'a9hH|gEa$6x>YGG#@yZ+[_br.h]X
17:35:18.404 [scala-execution-context-global-121] INFO  HelperUtils.Parameters$ - 2`\;Cydc.pTp`wcEyi?&9?Ok\b#h9FAv6wNe1kh{5bPo
17:35:24.623 [scala-execution-context-global-121] INFO  HelperUtils.Parameters$ - $L\AWMw>?<Ek[x{qD5($H`zSPVrC+k]^k(#>
17:35:30.409 [scala-execution-context-global-121] INFO  HelperUtils.Parameters$ - `V{#6|LI|g3u9KYQF];F-Q~.
17:35:32.379 [scala-execution-context-global-121] WARN  HelperUtils.Parameters$ - hm;?Z;%YqO<MED<zFcK"AJ*\iV
17:35:34.179 [scala-execution-context-global-121] INFO  HelperUtils.Parameters$ - hKvfww4S_]em
17:35:38.358 [scala-execution-context-global-121] WARN  HelperUtils.Parameters$ - +bS=-frcY}}!Ghb6xS#'KI-xDnI71H{O-_]'KXI1^,`'
17:35:42.856 [scala-execution-context-global-121] DEBUG HelperUtils.Parameters$ - =c@O.6|oNU@5njKVCcM"N4V$VU@PLxFP*6wQ_Q!b\`cp@O/qBx
17:35:44.983 [scala-execution-context-global-121] INFO  HelperUtils.Parameters$ - hal#8<6$v7ZH'O{7ryK[]5#N>>.2V1_!Hq38$Tk*31
17:35:51.699 [scala-execution-context-global-121] INFO  HelperUtils.Parameters$ - RE]T\H<-G/C1&[){|}7:B@y](TmP9sbe2T5rY9pS8hcf3lD_mUqF4PlUEk<7i.GxX2s5?dA0
17:35:54.081 [scala-execution-context-global-121] WARN  HelperUtils.Parameters$ - ]M;x41[!Rg/&}UPx(7)'kfFK.AmTo4
17:35:59.613 [scala-execution-context-global-121] WARN  HelperUtils.Parameters$ - x07{uM.X^!e!
17:36:06.929 [scala-execution-context-global-121] INFO  HelperUtils.Parameters$ - bJJL*8y2TA04xR66DDW8Rq353;S}|8(p=h+FL>4e@mC,0E
17:36:09.018 [scala-execution-context-global-121] INFO  HelperUtils.Parameters$ - 6'xG{9S.,qvdL}Pnouiq+.ww4`r\Vj^ByeX`
17:36:12.737 [scala-execution-context-global-121] INFO  HelperUtils.Parameters$ - ~LlA?J<^0@nAi?2*E%TIbR\hR"nT|QgcD=<-wx8-B1hI.U'QR!Ub,f\!YN/U
17:36:15.909 [scala-execution-context-global-121] INFO  HelperUtils.Parameters$ - 1nJ0dlNg;"%'5<9S`+$I
17:36:23.538 [scala-execution-context-global-121] INFO  HelperUtils.Parameters$ - ioTPqMpxzomX1-0QyH'yq+S(dpH\f!"u,Z&Y74pm8*8iRBGw-P$n
17:36:26.290 [scala-execution-context-global-121] INFO  HelperUtils.Parameters$ - oQ_5T]b!a0XLtXUp3MX2"Y]%[U#PI$KE5h!D_@:;
17:36:27.733 [scala-execution-context-global-121] INFO  HelperUtils.Parameters$ - rUQ,oBOK'.Wz=I|G
17:36:36.515 [scala-execution-context-global-121] INFO  HelperUtils.Parameters$ - }C"7'fxNoC#CMq1J!)5'':MYTbf0bf1A5vbe0ce1bf0J9wI9wX8vEq-VZV6ow80W\}g?]KD@8-gdH
17:36:41.223 [scala-execution-context-global-121] WARN  HelperUtils.Parameters$ - G[MJ_{hmUm~MKd(@Q!
17:36:44.156 [scala-execution-context-global-121] INFO  HelperUtils.Parameters$ - [OyH*lU_V`qdwsb081qmp8VgNiOn7ZgY/=,v`7rRd_pvh1[Y
17:36:50.776 [scala-execution-context-global-121] WARN  HelperUtils.Parameters$ - >*y&!)nUekIcz/$F\pf{RQiA7N@?PH>s:sr,]v
17:36:59.934 [scala-execution-context-global-121] INFO  HelperUtils.Parameters$ - xc=x%/..SF[.;pH$"7,pDBF2]ae0H6sV7lcg0ae1af3ae3C7sMc[5gsJA5f;5PB(\(}q^N&vg{
17:37:09.439 [scala-execution-context-global-121] DEBUG HelperUtils.Parameters$ - Ta<:TnGN&\{)~H4y4Q.l28y&i%'Q^-]tbc}.Pyh.s_6,FJc\s^d#
17:37:19.366 [scala-execution-context-global-121] INFO  HelperUtils.Parameters$ - I++mGB)-qfkOzVrqGS{xwW9M0KnbCjC]
17:37:27.872 [scala-execution-context-global-121] DEBUG HelperUtils.Parameters$ - 'rjWD;h'uR)HZ9sbg0bf0I7fag3Y6vB9ncf2W9p;Q0s(,ULN7i?
17:37:30.872 [scala-execution-context-global-121] INFO  HelperUtils.Parameters$ - 1Ai!DENZ?RjS~g=RUEhZ8!h6|KA3Fy\OnkQ#LsxJ
17:37:33.317 [scala-execution-context-global-121] INFO  HelperUtils.Parameters$ - _@2`LXS\|](R]ag+~H4%n`H6A</6'4z,hDd{_H
17:37:35.890 [scala-execution-context-global-121] WARN  HelperUtils.Parameters$ - 4fit]EpU{_9Rev;gU}*OC(
17:37:43.650 [scala-execution-context-global-121] WARN  HelperUtils.Parameters$ - -yxDUAn1w"@I0J?:/-B+Ljez!hM?SL-(;#NO)j'I+jS1WX0gLmnCB%
17:37:52.005 [scala-execution-context-global-121] INFO  HelperUtils.Parameters$ - }:3)u1oK!=QHK!<Lc@Mfm4:16'{s[CL`'"}1Wel?6_7Yq8pQ
17:37:59.777 [scala-execution-context-global-121] WARN  HelperUtils.Parameters$ - y0fUL=wr%7I@*A+>?$}Uwj%;4RGrU5uoDxz\k^4-r:"_|J|mMg|-/'3;Au0Y
17:38:01.332 [scala-execution-context-global-121] WARN  HelperUtils.Parameters$ - .?uq:UWT5sDd^.3\(q?hE%VJ?pG9jN7nag1V5oI9wX8kcg0rn4UxtxDn>o'/~T26krn'+be3=
17:38:03.182 [scala-execution-context-global-121] INFO  HelperUtils.Parameters$ - 6AV|mpn~2\MyqVUPL|Rvw9hj|E^Csx(v
17:38:12.900 [scala-execution-context-global-121] INFO  HelperUtils.Parameters$ - P`ZH1of&S?+d@GWz&vWz`.iP<]iM=&?r}_d~]8
17:38:16.235 [scala-execution-context-global-121] WARN  HelperUtils.Parameters$ - 2Sx63mJbU+D4u`]O9E!6%?w^faLkxv8O
17:38:22.372 [scala-execution-context-global-121] DEBUG HelperUtils.Parameters$ - hz/"8kLmQzQq}'N>6ujO^U!,2=UZ1OvgU~yOjm~_jZI{d%/RWs\.
17:38:29.248 [scala-execution-context-global-121] DEBUG HelperUtils.Parameters$ - 9W<4p/gmLu9Z(njP*(vwUL]Ml}<{}[VJ3POJ?)|R
17:38:31.288 [scala-execution-context-global-121] INFO  HelperUtils.Parameters$ - |A5]t(-8P1dV!2-;9_K6Y;aQkMDq
17:38:37.734 [scala-execution-context-global-121] INFO  HelperUtils.Parameters$ - mnBL&xm8\a=5e\K|,8Mzr.s.9_<kvq`_+\$b^AUYS]s3x9b#:lw=,X{/"wxE
17:38:38.811 [scala-execution-context-global-121] INFO  HelperUtils.Parameters$ - eMr>_>e]I:W9Ftf&&fEV3SNu778X\yg}t#=@5\B}_j
17:38:40.199 [scala-execution-context-global-121] INFO  HelperUtils.Parameters$ - }IBe)L!N!@U2-M!*!idU,+
17:38:41.642 [scala-execution-context-global-121] WARN  HelperUtils.Parameters$ - @_%S=FwBXg3L/4zc-GpEgDbU1=yE\.QK3-
17:38:44.443 [scala-execution-context-global-121] INFO  HelperUtils.Parameters$ - !Wz{<q{D27Fu<5HrRZP$TjZhoPX#zZfUcv6+
17:38:51.778 [scala-execution-context-global-121] WARN  HelperUtils.Parameters$ - cO1BM|"</.a[B|DiV`+$|sW|1$h6kayR@xV=:Z*pb=3w@"H|^27t&-->
17:38:59.330 [scala-execution-context-global-121] INFO  HelperUtils.Parameters$ - vnieS5KTRL,{O8w*4n7xK?
17:39:03.571 [scala-execution-context-global-121] WARN  HelperUtils.Parameters$ - >nHsmtU"F`{OC_U[!h]9ao-JSkCw3.~fOY<I3d*'I^pk(y)F"DLqJv.c_k#c
17:39:07.238 [scala-execution-context-global-121] INFO  HelperUtils.Parameters$ - 7jlaP<{bIuX,
17:39:13.072 [scala-execution-context-global-121] INFO  HelperUtils.Parameters$ - Bc$`jqszgMI{kwZ;/oM&E&jgvXA6ucg2bf2be3K5iO8v#G(Zh<^)'H5~\*j?Eb#%(m'*0}
17:39:21.473 [scala-execution-context-global-121] INFO  HelperUtils.Parameters$ - <wI]y66nI+D_J,?]
17:39:22.864 [scala-execution-context-global-121] INFO  HelperUtils.Parameters$ - MKyc2f|wZhV3[}A9u=>kjFxV
17:39:27.921 [scala-execution-context-global-121] WARN  HelperUtils.Parameters$ - *-N_BJb!{yLzq"aY_$,:`Q.3*GUA"r][+Z^_2]VR/Tl17(Yp<iYr:6=GWMp2
17:39:33.708 [scala-execution-context-global-121] DEBUG HelperUtils.Parameters$ - P]w_I.QC&Y1&U"DlwwDk\0gCZUw"]l?pAjG7{@02lS[_AZ
17:39:35.436 [scala-execution-context-global-121] INFO  HelperUtils.Parameters$ - i>P1=5Yq?Oj&Xa#<fvl&F{c&cy($+KQJD93j
17:39:42.054 [scala-execution-context-global-121] INFO  HelperUtils.Parameters$ - O%9J@cZoIUh!Q&:bf0L5jbe3L9wag0P8oW8sbe0zbZ8.hyt3#7i~|=
17:39:49.499 [scala-execution-context-global-121] INFO  HelperUtils.Parameters$ - C&~:Ml&`%7(<x,xs-*3jjS5o,}GDJjuK^:QZ&3-'#/n/-+Z[3xTKHm(Z>{
17:39:54.876 [scala-execution-context-global-121] INFO  HelperUtils.Parameters$ - #RanU6jC!YWFF^0U9Unxr`H[v02i!zi\mJ,h0rnMTAvsTis_|IwpzK
17:39:59.918 [scala-execution-context-global-121] INFO  HelperUtils.Parameters$ - T_ip:;)5za:Of$;+sUbrUEQHty<J#^19$\"@wTrl2$jT
17:40:09.834 [scala-execution-context-global-121] INFO  HelperUtils.Parameters$ - \PX16-*yJ-ZH+UCn#9T9Li/H}?|k"Y-*{8*{n]ENLD
17:40:19.288 [scala-execution-context-global-121] INFO  HelperUtils.Parameters$ - QqY"WZ4Ny((|
17:40:28.829 [scala-execution-context-global-121] INFO  HelperUtils.Parameters$ - -P"P84E1p`1NUhUdPkz7,>c:M}BJna
17:40:31.986 [scala-execution-context-global-121] INFO  HelperUtils.Parameters$ - FpXybNq=_Ej2~F1uop(IGpTMhO-fINf'
17:40:40.356 [scala-execution-context-global-121] INFO  HelperUtils.Parameters$ - k?x?5\`4M0qc?LQ}c?@onu.hoh\LLr(zY$
17:40:49.558 [scala-execution-context-global-121] INFO  HelperUtils.Parameters$ - w}_e[A[MJ7#KS2vdVg]N
17:40:50.841 [scala-execution-context-global-121] WARN  HelperUtils.Parameters$ - Np_7Q=Q3]7!FaU[8<)y&):icRv1_w-,Vs+,(8c`hR(|!
17:40:52.351 [scala-execution-context-global-121] INFO  HelperUtils.Parameters$ - L,&axdmJs#RlYkLSH`C72V{VDrIA$cg1P7iW5uae2W6v7!\*]bm/+_>W|&L24xq0>p,kI(6&'
17:40:54.739 [scala-execution-context-global-121] INFO  HelperUtils.Parameters$ - 03e<A0ec2%nd0+gZRJ2\,PO>uJ
17:41:01.483 [scala-execution-context-global-121] DEBUG HelperUtils.Parameters$ - +;lJ,NNdMn!jpwiCE[uR
17:41:07.720 [scala-execution-context-global-121] INFO  HelperUtils.Parameters$ - LVkqc<B.YZ6>yvh4(w)huT7Cfc1U)1
17:41:16.801 [scala-execution-context-global-121] WARN  HelperUtils.Parameters$ - +vDnM)$nd#AZjsS~VI4U#*
17:41:19.534 [scala-execution-context-global-121] INFO  HelperUtils.Parameters$ - SgDAq=4W[W?I
17:41:25.379 [scala-execution-context-global-121] DEBUG HelperUtils.Parameters$ - VUmjPgR0fvPhnH1M!F]8]>f`A;6'aYMQoaZ'
17:41:35.325 [scala-execution-context-global-121] WARN  HelperUtils.Parameters$ - b^&SK|':Eh.>aa>yv10;C\>L@]2@.\xP
17:41:43.449 [scala-execution-context-global-121] WARN  HelperUtils.Parameters$ - ,`7suAQa]rO0!We;3K;.S1K"?|XWV2ky
17:41:47.447 [scala-execution-context-global-121] INFO  HelperUtils.Parameters$ - S#G#W~<lXJa=jIRi2L+.FmlTGOCz
17:41:51.978 [scala-execution-context-global-121] INFO  HelperUtils.Parameters$ - U0GPn6%u%=ww(Po%
17:42:00.052 [scala-execution-context-global-121] INFO  HelperUtils.Parameters$ - >G;c.rd/"F2A"U8]n)T%_-ndI&-\:85gd/Ym14)w6!t]="<&c$gTEw
17:42:07.301 [scala-execution-context-global-121] INFO  HelperUtils.Parameters$ - -/E2v.']Gc'Ak(qu-cW4
17:42:13.046 [scala-execution-context-global-121] INFO  HelperUtils.Parameters$ - %#{?|8y+hBZouY,i&8YT1G)f7(wl
17:42:21.745 [scala-execution-context-global-121] DEBUG HelperUtils.Parameters$ - TP4i2I5"y;_gMJ}L@t,c":i6M;_En2h'}%UDTXhj;FWpl7_QWCNDvw5Q
17:42:31.122 [scala-execution-context-global-121] INFO  HelperUtils.Parameters$ - za}qB)+9rxjyN^~}VWG=@<w{g$
17:42:38.624 [scala-execution-context-global-121] DEBUG HelperUtils.Parameters$ - =H5JZO^dv5,e<[8dWU-G;7k;R(K]7[8-ZLr7GHSF^B3aZ^-'h`{I/q
17:42:42.724 [scala-execution-context-global-121] WARN  HelperUtils.Parameters$ - RM,Bvcl%+(VQ`C8$0jj'3_A^Ue5:-wHt?~<nSC$A3kT|=+R6we9GC@>&eE
17:42:51.550 [scala-execution-context-global-121] INFO  HelperUtils.Parameters$ - 3iY2-21#n1P1XF"`bS:i>-7t:6bm\C9<o7}{kx,KC0,uPJA{2ap4"6WI!F$(
17:43:00.164 [scala-execution-context-global-121] INFO  HelperUtils.Parameters$ - rK2g2r<*X{U"2UFYe3-aN(pcE.|_as)WZ];|Y0?9`3h5O$|h<!
17:43:02.145 [scala-execution-context-global-121] INFO  HelperUtils.Parameters$ - .zj$=cW7>+3`w%7/j52P/Sw#fQW-|_VZ]~c:hkBSe{JtDGNpiIm"&f-ac'fa
17:43:05.104 [scala-execution-context-global-121] DEBUG HelperUtils.Parameters$ - rP0B!z>!#&^?g)5{vc(~o[,;NRxOgoEsVIz&d>4<0T
17:43:07.510 [scala-execution-context-global-121] INFO  HelperUtils.Parameters$ - qR?Y*@Cg{@g1FTQGo7!c<kt[8/the^njd]D}GiGPObQ4.e
17:43:13.551 [scala-execution-context-global-121] INFO  HelperUtils.Parameters$ - pRN#GmT[v1E%S'O~@2;9*WGDcok@ilPbD5&50^&Vg"
17:43:20.797 [scala-execution-context-global-121] INFO  HelperUtils.Parameters$ - =-$Uc\'_hZpRp!F'|C\kz;/r:S?>E*e1y(|&JoC)
17:43:27.442 [scala-execution-context-global-121] INFO  HelperUtils.Parameters$ - JBzJq)i!sx{#H>{g*,T90Y@XU:#hO#
17:43:33.554 [scala-execution-context-global-121] INFO  HelperUtils.Parameters$ - 8c0B9jUQ^D/bc_c;V\[`vEsBqWg^B58IH[;sj>E<
17:43:40.310 [scala-execution-context-global-121] INFO  HelperUtils.Parameters$ - hDae7$6^mZ5hhSZ%LWK3~AAZCT['37h-Y}nooPgz_2Yjgs
17:43:47.394 [scala-execution-context-global-121] INFO  HelperUtils.Parameters$ - 4ZyGFGAAtaGB3=O}eseDC,JMWIVUTH!Dc/riffSa!-J$
17:43:52.260 [scala-execution-context-global-121] INFO  HelperUtils.Parameters$ - Mx>yu)+G!b4IQh-8jC_5,P{WnQpJ}CWN!1o:h5#-`k1*,3fMV_`:6YZ5-2P4
17:43:59.019 [scala-execution-context-global-121] INFO  HelperUtils.Parameters$ - #c=lRcu%[le2kj`<`I&=BCm+4E51H&^^CEj/<TT1(tX'=9OW
17:44:01.182 [scala-execution-context-global-121] INFO  HelperUtils.Parameters$ - ;oRA.PnjM.!b\=
17:44:10.575 [scala-execution-context-global-121] INFO  HelperUtils.Parameters$ - #0ds/WfwLu-F:ELJ2Q2F^[B4D//;0Ah-0z}cps|ZN^[AUU|Lo/kwaoq$eiQ&
17:44:15.304 [scala-execution-context-global-121] INFO  HelperUtils.Parameters$ - x+$+j"[7-YLlC0Lh#6{v|y!|eh.ykU
17:44:22.366 [scala-execution-context-global-121] INFO  HelperUtils.Parameters$ - :-UUCa[ae2af2cg1W6oaf3R7nbe2bg2J5uM8fb_)0U>n
17:44:23.391 [scala-execution-context-global-121] INFO  HelperUtils.Parameters$ - jEQY{kQTae2nh8$j1Z
17:44:25.060 [scala-execution-context-global-121] INFO  HelperUtils.Parameters$ - gv`L*3!0B8s$HZRVHkS9tR8fcg0V9mcf3$pZVCEm)h=m+3,M?zi
17:44:26.911 [scala-execution-context-global-121] INFO  HelperUtils.Parameters$ - nqkJv<VUC9(!Z9+)8%vgSdufQ055W_~]@rF:4@-C|6OkKKqi]Dyfkp
17:44:36.344 [scala-execution-context-global-121] INFO  HelperUtils.Parameters$ - ,PWrWjb-|ucNF'-u7}4r_lVXqxA-rlt>=5Ij'J^pct(M
17:44:43.741 [scala-execution-context-global-121] DEBUG HelperUtils.Parameters$ - pNb2$:9R^*3fa[2h-7M]eyU\zD>KbWrb
17:44:44.878 [scala-execution-context-global-121] INFO  HelperUtils.Parameters$ - 2PZdk7*Nu5b]z-^3WM!&gys'v8Bxb+sl7J9x
17:44:51.043 [scala-execution-context-global-121] INFO  HelperUtils.Parameters$ - %R!A&-F?TiO~9-{=_e
17:44:59.091 [scala-execution-context-global-121] INFO  HelperUtils.Parameters$ - $}kZQwx\H/?pD&qWTzSdMT7EV+JoK[?Lf}XoRUn2ZJ-)^DWO2cCGA*L%
17:45:06.151 [scala-execution-context-global-121] INFO  HelperUtils.Parameters$ - Qy_|'nX:I111PJ4*7/ZP_LVM>j
17:45:08.636 [scala-execution-context-global-121] DEBUG HelperUtils.Parameters$ - TA6h!Ln0f}<#y7?_:"-Mcg1G6mce1A9kag0O5nX9mA8hN7iaf2<<p&g'm*/l<k`>rc9*$y
17:45:18.222 [scala-execution-context-global-121] INFO  HelperUtils.Parameters$ - cvTA\e23{]HX2|/6HVnDx6\"&}|9ru6tO4b2oG0YPYKw
17:45:23.086 [scala-execution-context-global-121] INFO  HelperUtils.Parameters$ - jA}{<i\+Ss)AYc|ut5Vp'D$%FZ~*IYzaG8<by/@Y\.TCRb\/jh}KTO;s
17:45:27.375 [scala-execution-context-global-121] INFO  HelperUtils.Parameters$ - GejD.5"0=&CEKZ"c.t2=
17:45:28.651 [scala-execution-context-global-121] INFO  HelperUtils.Parameters$ - Pv%}2iCM\1>q@5_1.]G=%SRG9`P"1e0"9-JDqLsojIbV~*>PlA9H83qH8T
17:45:31.515 [scala-execution-context-global-121] WARN  HelperUtils.Parameters$ - $+n^>CSP-eKR
17:45:33.118 [scala-execution-context-global-121] INFO  HelperUtils.Parameters$ - G?>/o$zRGveQ'$[v=r^R,""ro:U:gspj])ZU@NV%):|{lK
17:45:37.664 [scala-execution-context-global-121] INFO  HelperUtils.Parameters$ - n"<ZK[@?RweZ?]u&ZJ_$8@
17:45:43.484 [scala-execution-context-global-121] INFO  HelperUtils.Parameters$ - jim%([7^VXf^7t$?~pB+^U4Gk\%<UQPf5+)'jL\'k@)A/1Dp
17:45:45.757 [scala-execution-context-global-121] INFO  HelperUtils.Parameters$ - #09m0[<YmCYOVS}h~55o<e]~^yEqhy=MXu}gQ-
17:45:50.464 [scala-execution-context-global-121] WARN  HelperUtils.Parameters$ - i4:QaWmE.Q}ykuJa|yL'duqa6>AD.:41\b1mLe{^:j
17:45:59.196 [scala-execution-context-global-121] INFO  HelperUtils.Parameters$ - 8EpJ?u3L<Vxf3zTD90,%JkWRQPe%h!A{bxK'UI[KUtE{&:Ua!s?|r+&y
17:46:08.445 [scala-execution-context-global-121] INFO  HelperUtils.Parameters$ - !,cD3e-gM7r_f(9fx_czxABkEq
17:46:11.491 [scala-execution-context-global-121] DEBUG HelperUtils.Parameters$ - N26'3dvxV@3);ob^1YJAym(~5knU3'ep-M3&zr=A:N
17:46:12.579 [scala-execution-context-global-121] INFO  HelperUtils.Parameters$ - ]4LP?k~BN128D!oe`|F%C'#Qqgz/DE6`z~B1
17:46:14.110 [scala-execution-context-global-121] INFO  HelperUtils.Parameters$ - %igQ|g_r7,n^Un@nBwjd)lG[C`@0l~tR?qOAGf|",9;?
17:46:17.919 [scala-execution-context-global-121] INFO  HelperUtils.Parameters$ - &7W""A/a)bKdzyUb=lxJIyx$1]!4EB`d!N66
17:46:19.286 [scala-execution-context-global-121] INFO  HelperUtils.Parameters$ - FZ-!NK)+fCz|%<>#pdIh|6$%Ji
17:46:22.985 [scala-execution-context-global-121] DEBUG HelperUtils.Parameters$ - [G'NUzMd"V]YS2#B~gc>)E/?IDLusHLSn:y8eATJN2Y0~>R<;jQ4)"x(
17:46:32.068 [scala-execution-context-global-121] INFO  HelperUtils.Parameters$ - FNterZ\t".)TC]Y@Fb3ApO~jZ'
17:46:38.741 [scala-execution-context-global-121] INFO  HelperUtils.Parameters$ - \cfn}`7x<p`j!i52?PH^wg$IC9Bae2ce1D8ibe0O5oag1P5jbe2<R#L7tF>tu&[Snq|~#{}2,ToTgx
17:46:47.604 [scala-execution-context-global-121] INFO  HelperUtils.Parameters$ - ~ME9WbI:A@j8^D[+jw,H_/Jp`DbhP}L(22<p
17:46:52.907 [scala-execution-context-global-121] WARN  HelperUtils.Parameters$ - =NXtZro=`+,8.{
17:47:00.762 [scala-execution-context-global-121] INFO  HelperUtils.Parameters$ - GP`~8u<]++i0'_3^Z6W*8E9nI5gC8oag0bf0Z^w!54JzSeMNg<K}G/9+H
17:47:05.995 [scala-execution-context-global-121] INFO  HelperUtils.Parameters$ - jq&40]K62Y\&Szux+bC/G07M_]
17:47:13.276 [scala-execution-context-global-121] INFO  HelperUtils.Parameters$ - *"k*5IRg{6zF9.%SB$3/XdK|B&|(N_
17:47:19.935 [scala-execution-context-global-121] INFO  HelperUtils.Parameters$ - K~sEH~]+bxIY7lQ7jR6sbf0R9wB6rbYT2UthNteGi@b
17:47:22.284 [scala-execution-context-global-121] INFO  HelperUtils.Parameters$ - H!QZHhPSs!CF5uK5jae2L5wE7rJ8m3yLoA:iy.FJ
17:47:28.802 [scala-execution-context-global-121] INFO  HelperUtils.Parameters$ - EWabn8c8P)cB6{xy&&/K$FAm.35~
17:47:37.995 [scala-execution-context-global-121] DEBUG HelperUtils.Parameters$ - a-rb,PQ#Wuzx&]cOk!.KS36>X+ELsguIqG\wf=ZGVpr)r&-W2G:Y
17:47:47.585 [scala-execution-context-global-121] INFO  HelperUtils.Parameters$ - ]F8wm/.i3#Bpi,Qo0mvz|Q]W/vr$iiz\y{!=<1aBN[)'#eRGHeXJy]
17:47:55.212 [scala-execution-context-global-121] INFO  HelperUtils.Parameters$ - <BR;5l1f]_>;%ejvNv*=lS.7[;
17:47:59.661 [scala-execution-context-global-121] INFO  HelperUtils.Parameters$ - EtPfxD9qE_&QIFw<hPm6
17:48:03.010 [scala-execution-context-global-121] DEBUG HelperUtils.Parameters$ - `mG6kIXR6%G6%7`9T=
17:48:10.210 [scala-execution-context-global-121] INFO  HelperUtils.Parameters$ - ([9>E~,Wo<t(SPtnYulJpH>XEvK_"jS`?o)Z(4$<v?F;33bXvkBVTW7V^W
17:48:15.007 [scala-execution-context-global-121] INFO  HelperUtils.Parameters$ - oF~%B/RxJCpAGq
17:48:16.720 [scala-execution-context-global-121] INFO  HelperUtils.Parameters$ - *mpg(9t7y8%crR
17:48:23.138 [scala-execution-context-global-121] INFO  HelperUtils.Parameters$ - qCbEpX$M-5oE{!OW}HyJ3Nd:W'vVEg?1yf!-zSLqP;owBN&C)j{^]{x^
17:48:27.002 [scala-execution-context-global-121] WARN  HelperUtils.Parameters$ - U?rplF15TnD9nZ@+~!4-y%2.`G1k.c;9
17:48:29.709 [scala-execution-context-global-121] INFO  HelperUtils.Parameters$ - 7KrR#AU3<[^gEUrW6~;1B#(IlbCH!f[B}_L$
17:48:38.391 [scala-execution-context-global-121] WARN  HelperUtils.Parameters$ - uc#c'9k_9-R~mk3&KZ+q\k{g)5
17:48:45.986 [scala-execution-context-global-121] WARN  HelperUtils.Parameters$ - |S5'B'[pq#rAF,Bk]x\D
17:48:53.264 [scala-execution-context-global-121] INFO  HelperUtils.Parameters$ - #1}nmzda.Fq@0IF<
17:48:59.113 [scala-execution-context-global-121] DEBUG HelperUtils.Parameters$ - -"VAFwd}fwanjD)u[<2%rX_15z+~hU~%6zL=,9|hB*0Y`m?6\gO_#TT0
17:49:06.886 [scala-execution-context-global-121] INFO  HelperUtils.Parameters$ - xS{D>M_V:`6cyA
17:49:14.466 [scala-execution-context-global-121] INFO  HelperUtils.Parameters$ - ~ie(zW8[>s<T{>W=P>y)umv9(!Awog-EVBw$jDxgl}p_|M
17:49:21.193 [scala-execution-context-global-121] INFO  HelperUtils.Parameters$ - KFg7`"7|,d_R_,M8>R
17:49:23.770 [scala-execution-context-global-121] INFO  HelperUtils.Parameters$ - aWc*o9@ebT{~IR]2"$lgw08N>a
17:49:33.531 [scala-execution-context-global-121] INFO  HelperUtils.Parameters$ - psefU]*%=&O~5e
17:49:40.407 [scala-execution-context-global-121] INFO  HelperUtils.Parameters$ - an|/'gi@>KQe^DDzTG:EPg+sHI+uz.c;5+Pd
17:49:45.418 [scala-execution-context-global-121] INFO  HelperUtils.Parameters$ - V:pFj=cngJI"Ba=0b1
17:49:51.109 [scala-execution-context-global-121] INFO  HelperUtils.Parameters$ - k3L;tnZqSs<|@HvPYy]v}ZUP#Y
17:49:57.744 [scala-execution-context-global-121] WARN  HelperUtils.Parameters$ - MCPGbA,-g"%GU4;,^xJrVGBnPT
17:50:05.533 [scala-execution-context-global-121] INFO  HelperUtils.Parameters$ - +mH8_@{A6Hb;qK\)C*YCK9?ag1ae2D6qbf0ae2%fev_6qmJy<3@-jN#W\l(EQ
17:50:08.842 [scala-execution-context-global-121] INFO  HelperUtils.Parameters$ - !)2j7o9X@XnF<nzi]*6iuXLK
17:50:12.830 [scala-execution-context-global-121] INFO  HelperUtils.Parameters$ - V@eoM>QMU^Q<J0HL+c0DoP
17:50:20.172 [scala-execution-context-global-121] WARN  HelperUtils.Parameters$ - _*~,5{(N}%2O$"9C<B3NJ)<(q$7\i8Am[{a5!=:F
17:50:23.108 [scala-execution-context-global-121] INFO  HelperUtils.Parameters$ - 38-_w"W&{%"WO<+JB8>t5VW.N:nd6fJ)
17:50:26.658 [scala-execution-context-global-121] DEBUG HelperUtils.Parameters$ - DhR3VT+k_9'+q>-c`vRZ
17:50:29.998 [scala-execution-context-global-121] INFO  HelperUtils.Parameters$ - b)n:B]uE(qie9cZBvS{whJeZ@@W96A
17:50:35.022 [scala-execution-context-global-121] INFO  HelperUtils.Parameters$ - vbB*K#UU$59w\rt!Q>TeGC)V@*q?66R1k.3,
17:50:42.696 [scala-execution-context-global-121] INFO  HelperUtils.Parameters$ - ~ygaZ>3+Rl&e-QV&p9e)g.=Mo[2zdS']}ZVti0<Sqnr6Nb.+R"!=$xXR[l
17:50:50.414 [scala-execution-context-global-121] INFO  HelperUtils.Parameters$ - oeh%jS,HW)yo#>#^QbuZhGB\eX-fO~51Xwa+B>c[
17:51:00.087 [scala-execution-context-global-121] INFO  HelperUtils.Parameters$ - rM_g[FpUPI0dU*{5d%SP
17:51:04.222 [scala-execution-context-global-121] INFO  HelperUtils.Parameters$ - yx7a,+n-q{?0HD30prqHfwhp1~3k*K
17:51:06.607 [scala-execution-context-global-121] WARN  HelperUtils.Parameters$ - U,lqF,D~,2:|X<VqQnBc,MOB8zE+Nu!HDM*@aHZ-I9Bo
17:51:14.411 [scala-execution-context-global-121] WARN  HelperUtils.Parameters$ - vX:OF!]nM;]7\|pL-t|`/FkdxCr3j;
17:51:19.485 [scala-execution-context-global-121] INFO  HelperUtils.Parameters$ - ^e0*J`nOXF4c#D@.#+b:`(H|4^1@TN1YNM(WpBTtL|q1QdzdB`/I"?
17:51:21.629 [scala-execution-context-global-121] WARN  HelperUtils.Parameters$ - eQl})v+Yg.vWWTj;$oCT>iK!04IO]@o]deGQ/BCy^^+VlL*VO%
17:51:27.551 [scala-execution-context-global-121] INFO  HelperUtils.Parameters$ - u]#_K2*&SS<FtC=-K$
17:51:33.724 [scala-execution-context-global-121] INFO  HelperUtils.Parameters$ - 2/~*rd><F5vq7h/_fC_cV;r4JI/\Z5qw`\gp3M"udXpC
17:51:43.481 [scala-execution-context-global-121] DEBUG HelperUtils.Parameters$ - *ad?LQgydTQ7t;e6>]!Z$1GzA\3}<vi<6bqS.fve-%mYdE%KB\
17:51:49.458 [scala-execution-context-global-121] WARN  HelperUtils.Parameters$ - "~P="6QJU8]g!l;dQ-w?dc
17:51:58.371 [scala-execution-context-global-121] INFO  HelperUtils.Parameters$ - dF|;#U&fCIT$i.TsDkK]C(7%yq
17:51:59.936 [scala-execution-context-global-121] WARN  HelperUtils.Parameters$ - QNF`L{sd;?d&/P0DOVJhE1'D4Jewm{!a@4
17:52:06.170 [scala-execution-context-global-121] INFO  HelperUtils.Parameters$ - Ma99{^\*/Y#{J#2Nn_h:CRt:7FN!a))"0f`bOlt8D+!CbI<cSQ"!PG
17:52:12.115 [scala-execution-context-global-121] INFO  HelperUtils.Parameters$ - Sak"1]V8GIU~&CbR|$"$f6?|'!>qRzT]x?|_=k,*}G2I>&
17:52:18.205 [scala-execution-context-global-121] WARN  HelperUtils.Parameters$ - 9@r['z%#Nb#W5$}W
17:52:24.211 [scala-execution-context-global-121] INFO  HelperUtils.Parameters$ - B}g9tm5AIzdK<MkB{g*H)'B_3%
17:52:29.652 [scala-execution-context-global-121] INFO  HelperUtils.Parameters$ - YVCe+.ZE<,T\6v4eLLS\Wt"\k/\5RRR=8(W<V-e|SA;;E0#UGch$P_
17:52:31.281 [scala-execution-context-global-121] WARN  HelperUtils.Parameters$ - T<vQm3<](]QUQsUo
17:52:37.154 [scala-execution-context-global-121] DEBUG HelperUtils.Parameters$ - QRTr;&:4>:$'7^e?$4V[}s1N;gG'`Otf+`~&X%
17:52:42.372 [scala-execution-context-global-121] INFO  HelperUtils.Parameters$ - Q)B&/<rok.zF&3ybjT{K).O~DH)4h-&IG%#@[(S6#s
17:52:45.633 [scala-execution-context-global-121] INFO  HelperUtils.Parameters$ - wEBc{0mi,z5\{)\DugAjNT>}l_1[usWZ*rx.
17:52:50.755 [scala-execution-context-global-121] INFO  HelperUtils.Parameters$ - nZE!>8t'0tcfZc=nTi3>#B<grXTk
17:52:52.083 [scala-execution-context-global-121] INFO  HelperUtils.Parameters$ - 'DTmEceJ%imo
17:52:54.241 [scala-execution-context-global-121] INFO  HelperUtils.Parameters$ - g~+j1ock'OO3)EP;*(
17:53:01.605 [scala-execution-context-global-121] INFO  HelperUtils.Parameters$ - >aomnFMk'>`xtMv.sH+E^RKy;`e\?A%NH5
17:53:05.769 [scala-execution-context-global-121] DEBUG HelperUtils.Parameters$ - KG&NB*oU;rSoeBwumAbVbzXjn}RL}CzL1R8fH4Ot6*#Svz_w@<@w#4
